<?xml version="1.0" encoding="UTF-8" ?>
<testsuite tests="15" failures="0" name="OpenAccountTest" time="10.92" errors="1" skipped="0">
  <properties>
[...]
</properties>
  <testcase classname="OpenAccountTest" name="testViewAcctInfo" time="0.025"/>
  <testcase classname="OpenAccountTest" name="testSubmitID" time="0"/>
  <testcase classname="OpenAccountTest" name="testIsMemberNonexist" time="0"/>
  <testcase classname="OpenAccountTest" name="testMain" time="10.893">
    <error message="Cannot invoke &quot;String.equals(Object)&quot; because &quot;acct_type&quot; is null" type="java.lang.NullPointerException">java.lang.NullPointerException: Cannot invoke &quot;String.equals(Object)&quot; because &quot;acct_type&quot; is null
	at OpenAccount.main(OpenAccount.java:34)
	at OpenAccountTest.testMain(OpenAccountTest.java:52)
	at java.base/jdk.internal.reflect.NativeMethodAccessorImpl.invoke0(Native Method)
	at java.base/jdk.internal.reflect.NativeMethodAccessorImpl.invoke(NativeMethodAccessorImpl.java:77)
	at java.base/jdk.internal.reflect.DelegatingMethodAccessorImpl.invoke(DelegatingMethodAccessorImpl.java:43)
	at java.base/java.lang.reflect.Method.invoke(Method.java:568)
	at org.junit.runners.model.FrameworkMethod$1.runReflectiveCall(FrameworkMethod.java:59)
	at org.junit.internal.runners.model.ReflectiveCallable.run(ReflectiveCallable.java:12)
	at org.junit.runners.model.FrameworkMethod.invokeExplosively(FrameworkMethod.java:56)
	at org.junit.internal.runners.statements.InvokeMethod.evaluate(InvokeMethod.java:17)
	at org.junit.internal.runners.statements.RunBefores.evaluate(RunBefores.java:26)
	at org.junit.internal.runners.statements.RunAfters.evaluate(RunAfters.java:27)
	at org.junit.runners.ParentRunner$3.evaluate(ParentRunner.java:306)
	at org.junit.runners.BlockJUnit4ClassRunner$1.evaluate(BlockJUnit4ClassRunner.java:100)
	at org.junit.runners.ParentRunner.runLeaf(ParentRunner.java:366)
	at org.junit.runners.BlockJUnit4ClassRunner.runChild(BlockJUnit4ClassRunner.java:103)
	at org.junit.runners.BlockJUnit4ClassRunner.runChild(BlockJUnit4ClassRunner.java:63)
	at org.junit.runners.ParentRunner$4.run(ParentRunner.java:331)
	at org.junit.runners.ParentRunner$1.schedule(ParentRunner.java:79)
	at org.junit.runners.ParentRunner.runChildren(ParentRunner.java:329)
	at org.junit.runners.ParentRunner.access$100(ParentRunner.java:66)
	at org.junit.runners.ParentRunner$2.evaluate(ParentRunner.java:293)
	at org.junit.internal.runners.statements.RunBefores.evaluate(RunBefores.java:26)
	at org.junit.internal.runners.statements.RunAfters.evaluate(RunAfters.java:27)
	at org.junit.runners.ParentRunner$3.evaluate(ParentRunner.java:306)
	at org.junit.runners.ParentRunner.run(ParentRunner.java:413)
	at org.apache.maven.surefire.junit4.JUnit4Provider.execute(JUnit4Provider.java:252)
	at org.apache.maven.surefire.junit4.JUnit4Provider.executeTestSet(JUnit4Provider.java:141)
	at org.apache.maven.surefire.junit4.JUnit4Provider.invoke(JUnit4Provider.java:112)
	at java.base/jdk.internal.reflect.NativeMethodAccessorImpl.invoke0(Native Method)
	at java.base/jdk.internal.reflect.NativeMethodAccessorImpl.invoke(NativeMethodAccessorImpl.java:77)
	at java.base/jdk.internal.reflect.DelegatingMethodAccessorImpl.invoke(DelegatingMethodAccessorImpl.java:43)
	at java.base/java.lang.reflect.Method.invoke(Method.java:568)
	at org.apache.maven.surefire.util.ReflectionUtils.invokeMethodWithArray(ReflectionUtils.java:189)
	at org.apache.maven.surefire.booter.ProviderFactory$ProviderProxy.invoke(ProviderFactory.java:165)
	at org.apache.maven.surefire.booter.ProviderFactory.invokeProvider(ProviderFactory.java:85)
	at org.apache.maven.surefire.booter.ForkedBooter.runSuitesInProcess(ForkedBooter.java:115)
	at org.apache.maven.surefire.booter.ForkedBooter.main(ForkedBooter.java:75)
</error>
    <system-out>main
</system-out>
  </testcase>
  <testcase classname="OpenAccountTest" name="testPrintAccounts" time="0"/>
  <testcase classname="OpenAccountTest" name="testIsNotMemberExist" time="0"/>
  <testcase classname="OpenAccountTest" name="testSubmitAddress" time="0"/>
  <testcase classname="OpenAccountTest" name="testSetAcct_type" time="0.001"/>
  <testcase classname="OpenAccountTest" name="testSetIsMember" time="0"/>
  <testcase classname="OpenAccountTest" name="testDelNonExist" time="0"/>
  <testcase classname="OpenAccountTest" name="testDelExist" time="0.001"/>
  <testcase classname="OpenAccountTest" name="testIsNotMemberNonexist" time="0"/>
  <testcase classname="OpenAccountTest" name="testIsMemberExist" time="0"/>
  <testcase classname="OpenAccountTest" name="testSetPpsn1" time="0"/>
  <testcase classname="OpenAccountTest" name="testSetPpsn2" time="0"/>
</testsuite>